<?xml version="1.0" encoding="UTF-8"?>
<testng-results ignored="0" total="3" passed="3" failed="0" skipped="0">
  <reporter-output>
  </reporter-output>
  <suite started-at="2024-12-31T18:52:14 IST" name="Suite" finished-at="2024-12-31T18:53:08 IST" duration-ms="53209">
    <groups>
    </groups>
    <test started-at="2024-12-31T18:52:14 IST" name="Edge" finished-at="2024-12-31T18:52:32 IST" duration-ms="17774">
      <class name="assignment.El_Pais">
        <test-method is-config="true" signature="beforeClass(java.lang.String)[pri:0, instance:assignment.El_Pais@5b7a5baa]" started-at="2024-12-31T18:52:14 IST" name="beforeClass" finished-at="2024-12-31T18:52:17 IST" duration-ms="2185" status="PASS">
          <params>
            <param index="0">
              <value>
                <![CDATA[Edge]]>
              </value>
            </param>
          </params>
          <reporter-output>
          </reporter-output>
        </test-method> <!-- beforeClass -->
        <test-method signature="el_pais()[pri:0, instance:assignment.El_Pais@5b7a5baa]" started-at="2024-12-31T18:52:17 IST" name="el_pais" finished-at="2024-12-31T18:52:31 IST" duration-ms="13861" status="PASS">
          <reporter-output>
          </reporter-output>
        </test-method> <!-- el_pais -->
        <test-method is-config="true" signature="afterClass()[pri:0, instance:assignment.El_Pais@5b7a5baa]" started-at="2024-12-31T18:52:31 IST" name="afterClass" finished-at="2024-12-31T18:52:32 IST" duration-ms="1667" status="PASS">
          <reporter-output>
          </reporter-output>
        </test-method> <!-- afterClass -->
      </class> <!-- assignment.El_Pais -->
    </test> <!-- Edge -->
    <test started-at="2024-12-31T18:52:32 IST" name="Chrome" finished-at="2024-12-31T18:52:47 IST" duration-ms="14993">
      <class name="assignment.El_Pais">
        <test-method is-config="true" signature="beforeClass(java.lang.String)[pri:0, instance:assignment.El_Pais@7eac9008]" started-at="2024-12-31T18:52:32 IST" name="beforeClass" finished-at="2024-12-31T18:52:33 IST" duration-ms="1089" status="PASS">
          <params>
            <param index="0">
              <value>
                <![CDATA[Chrome]]>
              </value>
            </param>
          </params>
          <reporter-output>
          </reporter-output>
        </test-method> <!-- beforeClass -->
        <test-method signature="el_pais()[pri:0, instance:assignment.El_Pais@7eac9008]" started-at="2024-12-31T18:52:33 IST" name="el_pais" finished-at="2024-12-31T18:52:47 IST" duration-ms="13459" status="PASS">
          <reporter-output>
          </reporter-output>
        </test-method> <!-- el_pais -->
        <test-method is-config="true" signature="afterClass()[pri:0, instance:assignment.El_Pais@7eac9008]" started-at="2024-12-31T18:52:47 IST" name="afterClass" finished-at="2024-12-31T18:52:47 IST" duration-ms="432" status="PASS">
          <reporter-output>
          </reporter-output>
        </test-method> <!-- afterClass -->
      </class> <!-- assignment.El_Pais -->
    </test> <!-- Chrome -->
    <test started-at="2024-12-31T18:52:47 IST" name="Firefox" finished-at="2024-12-31T18:53:08 IST" duration-ms="20405">
      <class name="assignment.El_Pais">
        <test-method is-config="true" signature="beforeClass(java.lang.String)[pri:0, instance:assignment.El_Pais@62ddbd7e]" started-at="2024-12-31T18:52:47 IST" name="beforeClass" finished-at="2024-12-31T18:52:51 IST" duration-ms="3579" status="PASS">
          <params>
            <param index="0">
              <value>
                <![CDATA[Firefox]]>
              </value>
            </param>
          </params>
          <reporter-output>
          </reporter-output>
        </test-method> <!-- beforeClass -->
        <test-method signature="el_pais()[pri:0, instance:assignment.El_Pais@62ddbd7e]" started-at="2024-12-31T18:52:51 IST" name="el_pais" finished-at="2024-12-31T18:53:03 IST" duration-ms="12303" status="PASS">
          <reporter-output>
          </reporter-output>
        </test-method> <!-- el_pais -->
        <test-method is-config="true" signature="afterClass()[pri:0, instance:assignment.El_Pais@62ddbd7e]" started-at="2024-12-31T18:53:03 IST" name="afterClass" finished-at="2024-12-31T18:53:08 IST" duration-ms="4520" status="PASS">
          <reporter-output>
          </reporter-output>
        </test-method> <!-- afterClass -->
      </class> <!-- assignment.El_Pais -->
    </test> <!-- Firefox -->
  </suite> <!-- Suite -->
</testng-results>
